00:00:00 T:0   DEBUG: DllBcm: Using omx system library
00:00:00 T:0   DEBUG: DllOMX: Using omx system library
00:00:00 T:0   DEBUG: DllAvFormat: Using libavformat system library
00:00:00 T:0   DEBUG: DllAvUtilBase: Using libavutil system library
00:00:00 T:0   DEBUG: DllAvCodec: Using libavcodec system library
00:00:00 T:0   DEBUG: DllAvFormat: Using libavformat system library
00:00:00 T:0   DEBUG: DllOMX: Using omx system library
00:00:00 T:0   DEBUG: COMXCoreComponent::Initialize OMX.broadcom.clock input port 80 output port 81
00:00:00 T:0   DEBUG: DllAvUtilBase: Using libavutil system library
00:00:00 T:0   DEBUG: DllAvCodec: Using libavcodec system library
00:00:00 T:0   DEBUG: DllAvFormat: Using libavformat system library
00:00:00 T:0   DEBUG: DllAvUtilBase: Using libavutil system library
00:00:00 T:0   DEBUG: DllAvCodec: Using libavcodec system library
00:00:00 T:0    INFO: COMXAudioCodecOMX::GetChannelMap - FFmpeg reported 2 channels, but the layout contains 0 ignoring
00:00:00 T:0   DEBUG: DllOMX: Using omx system library
00:00:00 T:0   DEBUG: Previous line repeats 2 times.
00:00:00 T:0   DEBUG: DllAvUtilBase: Using libavutil system library
00:00:00 T:0    INFO: CPCMRemap: I channel map: FL,FR
00:00:00 T:0   DEBUG: pcm->nPortIndex     : 0
00:00:00 T:0   DEBUG: pcm->eNumData       : 0
00:00:00 T:0   DEBUG: pcm->eEndian        : 1
00:00:00 T:0   DEBUG: pcm->bInterleaved   : 1
00:00:00 T:0   DEBUG: pcm->nBitPerSample  : 16
00:00:00 T:0   DEBUG: pcm->ePCMMode       : 0
00:00:00 T:0   DEBUG: pcm->nChannels      : 2
00:00:00 T:0   DEBUG: pcm->nSamplingRate  : 44100
00:00:00 T:0   DEBUG: OMX_AUDIO_ChannelLF
00:00:00 T:0   DEBUG: OMX_AUDIO_ChannelRF
00:00:00 T:0   DEBUG: pcm->nPortIndex     : 0
00:00:00 T:0   DEBUG: pcm->eNumData       : 0
00:00:00 T:0   DEBUG: pcm->eEndian        : 1
00:00:00 T:0   DEBUG: pcm->bInterleaved   : 1
00:00:00 T:0   DEBUG: pcm->nBitPerSample  : 16
00:00:00 T:0   DEBUG: pcm->ePCMMode       : 0
00:00:00 T:0   DEBUG: pcm->nChannels      : 2
00:00:00 T:0   DEBUG: pcm->nSamplingRate  : 44100
00:00:00 T:0   DEBUG: OMX_AUDIO_ChannelLF
00:00:00 T:0   DEBUG: OMX_AUDIO_ChannelRF
00:00:00 T:0   DEBUG: DllOMX: Using omx system library
00:00:00 T:0   DEBUG: COMXCoreComponent::Initialize OMX.broadcom.audio_render input port 100 output port 100
00:00:00 T:0   DEBUG: DllOMX: Using omx system library
00:00:00 T:0   DEBUG: COMXCoreComponent::Initialize OMX.broadcom.audio_decode input port 120 output port 121
00:00:00 T:0   DEBUG: DllOMX: Using omx system library
00:00:00 T:0   DEBUG: COMXCoreComponent::Initialize OMX.broadcom.audio_mixer input port 232 output port 231
00:00:00 T:0   DEBUG: COMXCoreComponent::AllocInputBuffers component(OMX.broadcom.audio_decode) - port(120), nBufferCountMin(4), nBufferCountActual(57), nBufferSize(6144), nBufferAlignmen(16)
00:00:00 T:0   DEBUG: COMXAudio::Initialize Ouput bps 16 samplerate 44100 channels 2 device local buffer size 352800 bytes per second 176400 passthrough 0 hwdecode 0
00:00:00 T:0   DEBUG: COMXAudio::Initialize Input bps 16 samplerate 44100 channels 2 device local buffer size 352800 bytes per second 176400 passthrough 0 hwdecode 0
00:00:00 T:0   DEBUG: OMXThread::Create - Thread with id 1152750688 started
00:00:00 T:0   DEBUG: pcm->nPortIndex     : 232
00:00:00 T:0   DEBUG: pcm->eNumData       : 0
00:00:00 T:0   DEBUG: pcm->eEndian        : 1
00:00:00 T:0   DEBUG: pcm->bInterleaved   : 1
00:00:00 T:0   DEBUG: pcm->nBitPerSample  : 16
00:00:00 T:0   DEBUG: pcm->ePCMMode       : 0
00:00:00 T:0   DEBUG: pcm->nChannels      : 2
00:00:00 T:0   DEBUG: pcm->nSamplingRate  : 44100
00:00:00 T:0   DEBUG: OMX_AUDIO_ChannelLF
00:00:00 T:0   DEBUG: OMX_AUDIO_ChannelRF
00:00:00 T:0   DEBUG: pcm->nPortIndex     : 100
00:00:00 T:0   DEBUG: pcm->eNumData       : 0
00:00:00 T:0   DEBUG: pcm->eEndian        : 1
00:00:00 T:0   DEBUG: pcm->bInterleaved   : 1
00:00:00 T:0   DEBUG: pcm->nBitPerSample  : 16
00:00:00 T:0   DEBUG: pcm->ePCMMode       : 0
00:00:00 T:0   DEBUG: pcm->nChannels      : 2
00:00:00 T:0   DEBUG: pcm->nSamplingRate  : 44100
00:00:00 T:0   DEBUG: OMX_AUDIO_ChannelLF
00:00:00 T:0   DEBUG: OMX_AUDIO_ChannelRF
